<?xml version="1.0" encoding="UTF-8"?>
<testsuite xmlns:xsi="http://www.w3.org/2001/XMLSchema-instance" xsi:noNamespaceSchemaLocation="https://maven.apache.org/surefire/maven-surefire-plugin/xsd/surefire-test-report-3.0.xsd" version="3.0" name="zest.LongestIncreasingSubsequenceTest" time="1.448" tests="1" errors="0" skipped="0" failures="0">
  <properties>
[...]
</properties>
  <testcase name="testLengthOfLIS_EmptyInput_ReturnsZero" classname="zest.LongestIncreasingSubsequenceTest" time="0.093"/>
  <testcase name="testLengthOfLIS_NullInput_ReturnsZero" classname="zest.LongestIncreasingSubsequenceTest" time="0.003"/>
  <testcase name="testLengthOfLIS_ValidInput_ReturnsMaxLength" classname="zest.LongestIncreasingSubsequenceTest" time="0.002"/>
  <testcase name="testLengthOfLIS_Property(Tuple$Tuple2)" classname="zest.LongestIncreasingSubsequenceTest" time="1.412">
    <system-out><![CDATA[timestamp = 2024-04-19T20:27:05.736840100, LongestIncreasingSubsequenceTest:testLengthOfLIS Property = 
                              |-----------------------jqwik-----------------------
tries = 1000                  | # of calls to property
checks = 1000                 | # of not rejected calls
generation = RANDOMIZED       | parameters are randomly generated
after-failure = SAMPLE_FIRST  | try previously failed sample, then previous seed
when-fixed-seed = ALLOW       | fixing the random seed is allowed
edge-cases#mode = MIXIN       | edge cases are mixed in
edge-cases#total = 99         | # of all combined edge cases
edge-cases#tried = 77         | # of edge cases tried in current run
seed = 7553368253556053490    | random seed to reproduce generated values


]]></system-out>
  </testcase>
</testsuite>