<?xml version="1.0" encoding="UTF-8"?>
<testsuite xmlns:xsi="http://www.w3.org/2001/XMLSchema-instance" xsi:noNamespaceSchemaLocation="https://maven.apache.org/surefire/maven-surefire-plugin/xsd/surefire-test-report-3.0.xsd" version="3.0" name="zest.GenerateParenthesesTest" time="0.113" tests="9" errors="0" skipped="0" failures="0">
  <properties>
[...]
</properties>
  <testcase name="T6_off_point_second_partition" classname="zest.GenerateParenthesesTest" time="0.063"/>
  <testcase name="T1_" classname="zest.GenerateParenthesesTest" time="0.001"/>
  <testcase name="T7_on_point_second_partition" classname="zest.GenerateParenthesesTest" time="0.002"/>
  <testcase name="T4_on_point_first_partition" classname="zest.GenerateParenthesesTest" time="0.004"/>
  <testcase name="T3_off_point_first_partition" classname="zest.GenerateParenthesesTest" time="0.002"/>
  <testcase name="T8_in_point_second_partition" classname="zest.GenerateParenthesesTest" time="0.001"/>
  <testcase name="T5_in_point_first_partition" classname="zest.GenerateParenthesesTest" time="0.001"/>
  <testcase name="T2_neg_off_point_at_zero_first_partition" classname="zest.GenerateParenthesesTest" time="0.001"/>
  <testcase name="T1_neg_off_point_first_partition" classname="zest.GenerateParenthesesTest" time="0.001"/>
</testsuite>