<?xml version="1.0" encoding="UTF-8"?>
<testsuite xmlns:xsi="http://www.w3.org/2001/XMLSchema-instance" xsi:noNamespaceSchemaLocation="https://maven.apache.org/surefire/maven-surefire-plugin/xsd/surefire-test-report-3.0.xsd" version="3.0" name="zest.PalindromeTwoTest" time="0.574" tests="56" errors="0" skipped="0" failures="0">
  <properties>
[...]
</properties>
  <testcase name="testEvenNonPalindrome(int)[1]" classname="zest.PalindromeTwoTest" time="0.099"/>
  <testcase name="testEvenNonPalindrome(int)[2]" classname="zest.PalindromeTwoTest" time="0.003"/>
  <testcase name="testEvenNonPalindrome(int)[3]" classname="zest.PalindromeTwoTest" time="0.006"/>
  <testcase name="testEvenNonPalindrome(int)[4]" classname="zest.PalindromeTwoTest" time="0.004"/>
  <testcase name="testEvenNonPalindrome(int)[5]" classname="zest.PalindromeTwoTest" time="0.002"/>
  <testcase name="testEvenNonPalindrome(int)[6]" classname="zest.PalindromeTwoTest" time="0.002"/>
  <testcase name="testEvenNonPalindrome(int)[7]" classname="zest.PalindromeTwoTest" time="0.004"/>
  <testcase name="testEvenNonPalindrome(int)[8]" classname="zest.PalindromeTwoTest" time="0.002"/>
  <testcase name="testSingleDigits(int)[1]" classname="zest.PalindromeTwoTest" time="0.003"/>
  <testcase name="testSingleDigits(int)[2]" classname="zest.PalindromeTwoTest" time="0.002"/>
  <testcase name="testSingleDigits(int)[3]" classname="zest.PalindromeTwoTest" time="0.002"/>
  <testcase name="testSingleDigits(int)[4]" classname="zest.PalindromeTwoTest" time="0.003"/>
  <testcase name="testSingleDigits(int)[5]" classname="zest.PalindromeTwoTest" time="0.002"/>
  <testcase name="testSingleDigits(int)[6]" classname="zest.PalindromeTwoTest" time="0.003"/>
  <testcase name="testSingleDigits(int)[7]" classname="zest.PalindromeTwoTest" time="0.01"/>
  <testcase name="testSingleDigits(int)[8]" classname="zest.PalindromeTwoTest" time="0.003"/>
  <testcase name="testSingleDigits(int)[9]" classname="zest.PalindromeTwoTest" time="0.002"/>
  <testcase name="testSingleDigits(int)[10]" classname="zest.PalindromeTwoTest" time="0.003"/>
  <testcase name="testEvenPalindrome(int)[1]" classname="zest.PalindromeTwoTest" time="0.002"/>
  <testcase name="testEvenPalindrome(int)[2]" classname="zest.PalindromeTwoTest" time="0.002"/>
  <testcase name="testEvenPalindrome(int)[3]" classname="zest.PalindromeTwoTest" time="0.002"/>
  <testcase name="testEvenPalindrome(int)[4]" classname="zest.PalindromeTwoTest" time="0.001"/>
  <testcase name="testEvenPalindrome(int)[5]" classname="zest.PalindromeTwoTest" time="0.001"/>
  <testcase name="testEvenPalindrome(int)[6]" classname="zest.PalindromeTwoTest" time="0.002"/>
  <testcase name="testEvenPalindrome(int)[7]" classname="zest.PalindromeTwoTest" time="0.002"/>
  <testcase name="testEvenPalindrome(int)[8]" classname="zest.PalindromeTwoTest" time="0.001"/>
  <testcase name="testOddNonPalindrome(int)[1]" classname="zest.PalindromeTwoTest" time="0.002"/>
  <testcase name="testOddNonPalindrome(int)[2]" classname="zest.PalindromeTwoTest" time="0.001"/>
  <testcase name="testOddNonPalindrome(int)[3]" classname="zest.PalindromeTwoTest" time="0.002"/>
  <testcase name="testOddNonPalindrome(int)[4]" classname="zest.PalindromeTwoTest" time="0.001"/>
  <testcase name="testOddNonPalindrome(int)[5]" classname="zest.PalindromeTwoTest" time="0.002"/>
  <testcase name="testOddPalindrome(int)[1]" classname="zest.PalindromeTwoTest" time="0.002"/>
  <testcase name="testOddPalindrome(int)[2]" classname="zest.PalindromeTwoTest" time="0.001"/>
  <testcase name="testOddPalindrome(int)[3]" classname="zest.PalindromeTwoTest" time="0.002"/>
  <testcase name="testOddPalindrome(int)[4]" classname="zest.PalindromeTwoTest" time="0.002"/>
  <testcase name="testOddPalindrome(int)[5]" classname="zest.PalindromeTwoTest" time="0.002"/>
  <testcase name="testOddPalindrome(int)[6]" classname="zest.PalindromeTwoTest" time="0.002"/>
  <testcase name="testBoundariesNonPalindrome(int)[1]" classname="zest.PalindromeTwoTest" time="0.002"/>
  <testcase name="testBoundariesNonPalindrome(int)[2]" classname="zest.PalindromeTwoTest" time="0.003"/>
  <testcase name="testMutants(int)[1]" classname="zest.PalindromeTwoTest" time="0.002"/>
  <testcase name="testMutants(int)[2]" classname="zest.PalindromeTwoTest" time="0.002"/>
  <testcase name="testMutants(int)[3]" classname="zest.PalindromeTwoTest" time="0.003"/>
  <testcase name="testMutants(int)[4]" classname="zest.PalindromeTwoTest" time="0.002"/>
  <testcase name="testMutants(int)[5]" classname="zest.PalindromeTwoTest" time="0.001"/>
  <testcase name="testMutants(int)[6]" classname="zest.PalindromeTwoTest" time="0.001"/>
  <testcase name="testBoundariesPalindrome(int)[1]" classname="zest.PalindromeTwoTest" time="0.003"/>
  <testcase name="testBoundariesPalindrome(int)[2]" classname="zest.PalindromeTwoTest" time="0.001"/>
  <testcase name="testBoundariesPalindrome(int)[3]" classname="zest.PalindromeTwoTest" time="0.002"/>
  <testcase name="testBoundariesPalindrome(int)[4]" classname="zest.PalindromeTwoTest" time="0.002"/>
  <testcase name="testMaxVal" classname="zest.PalindromeTwoTest" time="0.005"/>
  <testcase name="testMinVal" classname="zest.PalindromeTwoTest" time="0.002"/>
  <testcase name="testNegativeInteger(int)[1]" classname="zest.PalindromeTwoTest" time="0.004"/>
  <testcase name="testNegativeInteger(int)[2]" classname="zest.PalindromeTwoTest" time="0.003"/>
  <testcase name="testNegativeInteger(int)[3]" classname="zest.PalindromeTwoTest" time="0.003"/>
  <testcase name="testNegativeInteger(int)[4]" classname="zest.PalindromeTwoTest" time="0.006"/>
  <testcase name="testNegativeInteger(int)[5]" classname="zest.PalindromeTwoTest" time="0.001"/>
</testsuite>