<?xml version="1.0" encoding="UTF-8"?>
<testsuite xmlns:xsi="http://www.w3.org/2001/XMLSchema-instance" xsi:noNamespaceSchemaLocation="https://maven.apache.org/surefire/maven-surefire-plugin/xsd/surefire-test-report-3.0.xsd" version="3.0" name="zest.MaximumSubarrayTest" time="0.258" tests="9" errors="0" skipped="0" failures="0">
  <properties>
[...]
</properties>
  <testcase name="testMaxSubArrayEmpty" classname="zest.MaximumSubarrayTest" time="0.145"/>
  <testcase name="testMaxSubArrayZeros" classname="zest.MaximumSubarrayTest" time="0.008"/>
  <testcase name="testMaxSubArrayNull" classname="zest.MaximumSubarrayTest" time="0.004"/>
  <testcase name="testMaxSubArray" classname="zest.MaximumSubarrayTest" time="0.004"/>
  <testcase name="testMaxSubArrayMultipleArrays" classname="zest.MaximumSubarrayTest" time="0.004"/>
  <testcase name="testMaxSubArrayPosition" classname="zest.MaximumSubarrayTest" time="0"/>
  <testcase name="testMaxSubArrayNegative" classname="zest.MaximumSubarrayTest" time="0">
    <system-out><![CDATA[-1
]]></system-out>
  </testcase>
  <testcase name="testMaxSubArrayNegaiveMiddle" classname="zest.MaximumSubarrayTest" time="0.003"/>
  <testcase name="testMaxSubArrayOneElement" classname="zest.MaximumSubarrayTest" time="0.004"/>
</testsuite>