<?xml version="1.0" encoding="UTF-8"?>
<testsuite xmlns:xsi="http://www.w3.org/2001/XMLSchema-instance" xsi:noNamespaceSchemaLocation="https://maven.apache.org/surefire/maven-surefire-plugin/xsd/surefire-test-report-3.0.xsd" version="3.0" name="zest.TicketSystemTest" time="1.956" tests="7" errors="0" skipped="0" failures="0">
  <properties>
[...]
</properties>
  <testcase name="testCreateTicketsIssueEmptyString" classname="zest.TicketSystemTest" time="1.843"/>
  <testcase name="testCreateTicketsDefault" classname="zest.TicketSystemTest" time="0.005"/>
  <testcase name="testCreateTicketNotificationServiceAndLogServiceError" classname="zest.TicketSystemTest" time="0.012"/>
  <testcase name="testCreateTicketsUrgent" classname="zest.TicketSystemTest" time="0.006"/>
  <testcase name="testCreateTicketLogServiceError" classname="zest.TicketSystemTest" time="0.005"/>
  <testcase name="testCreateTicketNotificationServiceError" classname="zest.TicketSystemTest" time="0.006"/>
  <testcase name="testCreateTicketsEmailEmptyString" classname="zest.TicketSystemTest" time="0.004"/>
</testsuite>