<?xml version="1.0" encoding="UTF-8" standalone="yes"?><!DOCTYPE report PUBLIC "-//JACOCO//DTD Report 1.1//EN" "report.dtd"><report name="atoi-test"><sessioninfo id="DESKTOP-HSSJ11D-4a0122c9" start="1711328147599" dump="1711328148614"/><sessioninfo id="DESKTOP-HSSJ11D-1665efa6" start="1711328219139" dump="1711328221080"/><sessioninfo id="DESKTOP-HSSJ11D-a3586f46" start="1711328715781" dump="1711328716846"/><sessioninfo id="DESKTOP-HSSJ11D-45911c74" start="1711328809137" dump="1711328811863"/><package name="zest"><class name="zest/CombinationSum" sourcefilename="CombinationSum.java"><method name="&lt;init&gt;" desc="()V" line="7"><counter type="INSTRUCTION" missed="3" covered="0"/><counter type="LINE" missed="1" covered="0"/><counter type="COMPLEXITY" missed="1" covered="0"/><counter type="METHOD" missed="1" covered="0"/></method><method name="combinationSum" desc="([II)Ljava/util/List;" line="9"><counter type="INSTRUCTION" missed="0" covered="16"/><counter type="LINE" missed="0" covered="4"/><counter type="COMPLEXITY" missed="0" covered="1"/><counter type="METHOD" missed="0" covered="1"/></method><method name="getResult" desc="(Ljava/util/List;Ljava/util/List;[III)V" line="17"><counter type="INSTRUCTION" missed="0" covered="50"/><counter type="BRANCH" missed="0" covered="8"/><counter type="LINE" missed="0" covered="8"/><counter type="COMPLEXITY" missed="0" covered="5"/><counter type="METHOD" missed="0" covered="1"/></method><counter type="INSTRUCTION" missed="3" covered="66"/><counter type="BRANCH" missed="0" covered="8"/><counter type="LINE" missed="1" covered="12"/><counter type="COMPLEXITY" missed="1" covered="6"/><counter type="METHOD" missed="1" covered="2"/><counter type="CLASS" missed="0" covered="1"/></class><sourcefile name="CombinationSum.java"><line nr="7" mi="3" ci="0" mb="0" cb="0"/><line nr="9" mi="0" ci="2" mb="0" cb="0"/><line nr="10" mi="0" ci="4" mb="0" cb="0"/><line nr="11" mi="0" ci="8" mb="0" cb="0"/><line nr="13" mi="0" ci="2" mb="0" cb="0"/><line nr="17" mi="0" ci="2" mb="0" cb="2"/><line nr="18" mi="0" ci="14" mb="0" cb="4"/><line nr="19" mi="0" ci="7" mb="0" cb="0"/><line nr="20" mi="0" ci="10" mb="0" cb="0"/><line nr="21" mi="0" ci="7" mb="0" cb="0"/><line nr="23" mi="0" ci="2" mb="0" cb="2"/><line nr="24" mi="0" ci="7" mb="0" cb="0"/><line nr="26" mi="0" ci="1" mb="0" cb="0"/><counter type="INSTRUCTION" missed="3" covered="66"/><counter type="BRANCH" missed="0" covered="8"/><counter type="LINE" missed="1" covered="12"/><counter type="COMPLEXITY" missed="1" covered="6"/><counter type="METHOD" missed="1" covered="2"/><counter type="CLASS" missed="0" covered="1"/></sourcefile><counter type="INSTRUCTION" missed="3" covered="66"/><counter type="BRANCH" missed="0" covered="8"/><counter type="LINE" missed="1" covered="12"/><counter type="COMPLEXITY" missed="1" covered="6"/><counter type="METHOD" missed="1" covered="2"/><counter type="CLASS" missed="0" covered="1"/></package><counter type="INSTRUCTION" missed="3" covered="66"/><counter type="BRANCH" missed="0" covered="8"/><counter type="LINE" missed="1" covered="12"/><counter type="COMPLEXITY" missed="1" covered="6"/><counter type="METHOD" missed="1" covered="2"/><counter type="CLASS" missed="0" covered="1"/></report>