<?xml version="1.0" encoding="UTF-8"?>
<testsuite xmlns:xsi="http://www.w3.org/2001/XMLSchema-instance" xsi:noNamespaceSchemaLocation="https://maven.apache.org/surefire/maven-surefire-plugin/xsd/surefire-test-report-3.0.xsd" version="3.0" name="BookReviewsTest" time="0.788" tests="7" errors="0" skipped="0" failures="0">
  <properties>
[...]
</properties>
  <testcase name="testUniqueAuthorsWhenAllAuthorsAreUnique" classname="BookReviewsTest" time="0.707"/>
  <testcase name="testUniqueAuthorsWhenSomeAuthorsAreNotUnique" classname="BookReviewsTest" time="0.004"/>
  <testcase name="testHighRatedBooksMixed" classname="BookReviewsTest" time="0.003"/>
  <testcase name="testHighRatedBooksWhenThereAreNoBooks" classname="BookReviewsTest" time="0.003"/>
  <testcase name="testHighRatedBooksWhenNoBooksAreHighRated" classname="BookReviewsTest" time="0.002"/>
  <testcase name="testUniqueAuthorsWhenThereAreNoBooks" classname="BookReviewsTest" time="0.003"/>
  <testcase name="testHighRatedBooksWhenAllBooksAreHighRated" classname="BookReviewsTest" time="0.003"/>
</testsuite>